
> interhouse@0.1.0 dev
> next dev

▲ Next.js 16.1.6 (Turbopack)
- Local:         http://localhost:3000
- Network:       http://192.168.1.153:3000
- Environments: .env

✓ Starting...
✓ Ready in 2.6s
 GET /api/agents 200 in 36ms (compile: 9ms, render: 27ms)
 POST /api/agents 201 in 122ms (compile: 6ms, render: 117ms)
 POST /api/agents 201 in 41ms (compile: 5ms, render: 36ms)
 POST /api/matches 201 in 468ms (compile: 364ms, render: 105ms)
 POST /api/matches/cmmgia18n0002dkipps2x3ph8/tick 200 in 1592ms (compile: 1528ms, render: 64ms)
 GET /api/matches/cmmgia18n0002dkipps2x3ph8 200 in 1292ms (compile: 1281ms, render: 11ms)
 GET /api/agents 200 in 8ms (compile: 2ms, render: 6ms)
 POST /api/agents 201 in 45ms (compile: 3ms, render: 42ms)
 POST /api/agents 201 in 28ms (compile: 4ms, render: 24ms)
 POST /api/matches 201 in 33ms (compile: 4ms, render: 29ms)
 POST /api/matches/cmmgiad97000adkippx1jhx06/tick 200 in 45ms (compile: 13ms, render: 32ms)
 GET /api/matches/cmmgiad97000adkippx1jhx06 200 in 19ms (compile: 11ms, render: 8ms)
